# JRE version: OpenJDK Runtime Environment (17.0.2+8) (build 17.0.2+8-86)
# Java VM: OpenJDK 64-Bit Server VM (17.0.2+8-86, mixed mode, sharing, tiered, compressed oops, compressed class ptrs, g1 gc, windows-amd64)
GC Precious Log:
 CPUs: 12 total, 12 available
 Memory: 16176M
 Large Page Support: Disabled
 NUMA Support: Disabled
 Compressed Oops: Enabled (Zero based)
 Heap Region Size: 2M
 Heap Min Capacity: 8M
 Heap Initial Capacity: 254M
 Heap Max Capacity: 4046M
 Pre-touch: Disabled
 Parallel Workers: 10
 Concurrent Workers: 3
 Concurrent Refinement Workers: 10
 Periodic GC: Disabled
Heap:
 garbage-first heap   total 137216K, used 73971K [0x0000000703200000, 0x0000000800000000)
  region size 2048K, 6 young (12288K), 1 survivors (2048K)
 Metaspace       used 31305K, committed 31616K, reserved 1081344K
  class space    used 3663K, committed 3776K, reserved 1048576K
GC Heap History (20 events):
Event: 0.770 GC heap before
{Heap before GC invocations=0 (full 0):
 garbage-first heap   total 260096K, used 22528K [0x0000000703200000, 0x0000000800000000)
  region size 2048K, 11 young (22528K), 0 survivors (0K)
 Metaspace       used 5437K, committed 5632K, reserved 1056768K
  class space    used 659K, committed 768K, reserved 1048576K
}
Event: 0.776 GC heap after
{Heap after GC invocations=1 (full 0):
 garbage-first heap   total 260096K, used 3794K [0x0000000703200000, 0x0000000800000000)
  region size 2048K, 2 young (4096K), 2 survivors (4096K)
 Metaspace       used 5437K, committed 5632K, reserved 1056768K
  class space    used 659K, committed 768K, reserved 1048576K
}
Event: 1.456 GC heap before
{Heap before GC invocations=1 (full 0):
 garbage-first heap   total 260096K, used 34514K [0x0000000703200000, 0x0000000800000000)
  region size 2048K, 17 young (34816K), 2 survivors (4096K)
 Metaspace       used 9797K, committed 9984K, reserved 1064960K
  class space    used 1196K, committed 1280K, reserved 1048576K
}
Event: 1.461 GC heap after
{Heap after GC invocations=2 (full 0):
 garbage-first heap   total 260096K, used 5513K [0x0000000703200000, 0x0000000800000000)
  region size 2048K, 1 young (2048K), 1 survivors (2048K)
 Metaspace       used 9797K, committed 9984K, reserved 1064960K
  class space    used 1196K, committed 1280K, reserved 1048576K
}
Event: 5.369 GC heap before
{Heap before GC invocations=2 (full 0):
 garbage-first heap   total 260096K, used 152969K [0x0000000703200000, 0x0000000800000000)
  region size 2048K, 73 young (149504K), 1 survivors (2048K)
 Metaspace       used 21213K, committed 21504K, reserved 1073152K
  class space    used 2514K, committed 2688K, reserved 1048576K
}
Event: 5.386 GC heap after
{Heap after GC invocations=3 (full 0):
 garbage-first heap   total 260096K, used 22681K [0x0000000703200000, 0x0000000800000000)
  region size 2048K, 8 young (16384K), 8 survivors (16384K)
 Metaspace       used 21213K, committed 21504K, reserved 1073152K
  class space    used 2514K, committed 2688K, reserved 1048576K
}
Event: 6.445 GC heap before
{Heap before GC invocations=4 (full 0):
 garbage-first heap   total 90112K, used 59545K [0x0000000703200000, 0x0000000800000000)
  region size 2048K, 26 young (53248K), 8 survivors (16384K)
 Metaspace       used 25574K, committed 25856K, reserved 1073152K
  class space    used 3003K, committed 3136K, reserved 1048576K
}
Event: 6.472 GC heap after
{Heap after GC invocations=5 (full 0):
 garbage-first heap   total 92160K, used 34599K [0x0000000703200000, 0x0000000800000000)
  region size 2048K, 4 young (8192K), 4 survivors (8192K)
 Metaspace       used 25574K, committed 25856K, reserved 1073152K
  class space    used 3003K, committed 3136K, reserved 1048576K
}
Event: 6.527 GC heap before
{Heap before GC invocations=5 (full 0):
 garbage-first heap   total 92160K, used 36647K [0x0000000703200000, 0x0000000800000000)
  region size 2048K, 5 young (10240K), 4 survivors (8192K)
 Metaspace       used 25748K, committed 25984K, reserved 1073152K
  class space    used 3025K, committed 3136K, reserved 1048576K
}
Event: 6.536 GC heap after
{Heap after GC invocations=6 (full 0):
 garbage-first heap   total 92160K, used 36050K [0x0000000703200000, 0x0000000800000000)
  region size 2048K, 1 young (2048K), 1 survivors (2048K)
 Metaspace       used 25748K, committed 25984K, reserved 1073152K
  class space    used 3025K, committed 3136K, reserved 1048576K
}
Event: 7.213 GC heap before
{Heap before GC invocations=6 (full 0):
 garbage-first heap   total 92160K, used 60626K [0x0000000703200000, 0x0000000800000000)
  region size 2048K, 14 young (28672K), 1 survivors (2048K)
 Metaspace       used 26959K, committed 27200K, reserved 1081344K
  class space    used 3161K, committed 3264K, reserved 1048576K
}
Event: 7.221 GC heap after
{Heap after GC invocations=7 (full 0):
 garbage-first heap   total 92160K, used 38150K [0x0000000703200000, 0x0000000800000000)
  region size 2048K, 2 young (4096K), 2 survivors (4096K)
 Metaspace       used 26959K, committed 27200K, reserved 1081344K
  class space    used 3161K, committed 3264K, reserved 1048576K
}
Event: 7.909 GC heap before
{Heap before GC invocations=7 (full 0):
 garbage-first heap   total 92160K, used 62726K [0x0000000703200000, 0x0000000800000000)
  region size 2048K, 15 young (30720K), 2 survivors (4096K)
 Metaspace       used 28823K, committed 29184K, reserved 1081344K
  class space    used 3366K, committed 3520K, reserved 1048576K
}
Event: 7.916 GC heap after
{Heap after GC invocations=8 (full 0):
 garbage-first heap   total 92160K, used 39171K [0x0000000703200000, 0x0000000800000000)
  region size 2048K, 1 young (2048K), 1 survivors (2048K)
 Metaspace       used 28823K, committed 29184K, reserved 1081344K
  class space    used 3366K, committed 3520K, reserved 1048576K
}
Event: 8.528 GC heap before
{Heap before GC invocations=8 (full 0):
 garbage-first heap   total 92160K, used 65795K [0x0000000703200000, 0x0000000800000000)
  region size 2048K, 14 young (28672K), 1 survivors (2048K)
 Metaspace       used 29668K, committed 30016K, reserved 1081344K
  class space    used 3489K, committed 3648K, reserved 1048576K
}
Event: 8.543 GC heap after
{Heap after GC invocations=9 (full 0):
 garbage-first heap   total 137216K, used 51758K [0x0000000703200000, 0x0000000800000000)
  region size 2048K, 2 young (4096K), 2 survivors (4096K)
 Metaspace       used 29668K, committed 30016K, reserved 1081344K
  class space    used 3489K, committed 3648K, reserved 1048576K
}
Event: 9.551 GC heap before
{Heap before GC invocations=9 (full 0):
 garbage-first heap   total 137216K, used 92718K [0x0000000703200000, 0x0000000800000000)
  region size 2048K, 23 young (47104K), 2 survivors (4096K)
 Metaspace       used 29863K, committed 30208K, reserved 1081344K
  class space    used 3504K, committed 3648K, reserved 1048576K
}
Event: 9.564 GC heap after
{Heap after GC invocations=10 (full 0):
 garbage-first heap   total 137216K, used 66913K [0x0000000703200000, 0x0000000800000000)
  region size 2048K, 3 young (6144K), 3 survivors (6144K)
 Metaspace       used 29863K, committed 30208K, reserved 1081344K
  class space    used 3504K, committed 3648K, reserved 1048576K
}
Event: 10.479 GC heap before
{Heap before GC invocations=10 (full 0):
 garbage-first heap   total 137216K, used 95585K [0x0000000703200000, 0x0000000800000000)
  region size 2048K, 18 young (36864K), 3 survivors (6144K)
 Metaspace       used 31111K, committed 31424K, reserved 1081344K
  class space    used 3655K, committed 3776K, reserved 1048576K
}
Event: 10.484 GC heap after
{Heap after GC invocations=11 (full 0):
 garbage-first heap   total 137216K, used 65779K [0x0000000703200000, 0x0000000800000000)
  region size 2048K, 1 young (2048K), 1 survivors (2048K)
 Metaspace       used 31111K, committed 31424K, reserved 1081344K
  class space    used 3655K, committed 3776K, reserved 1048576K
}

